<?xml version="1.0" encoding="UTF-8"?>
<!-- Generated by org.testng.reporters.JUnitReportReporter -->
<testsuite hostname="DESKTOP-I0RF48S" failures="0" tests="1" name="com.inetbanking.testcases.T01_LoginTest" time="11.073" errors="0" timestamp="05 Dec 2022 20:31:04 GMT" skipped="0">
  <testcase classname="com.inetbanking.testcases.T01_LoginTest" name="loginTest01" time="11.073"/>
</testsuite> <!-- com.inetbanking.testcases.T01_LoginTest -->
